[INFO] 11:09:27:919 tp0.c/(4442:4442): Soy un log
[INFO] 11:09:27:927 tp0.c/(4442:4442): Hola, soy un valor
[INFO] 11:23:03:381 tp0.c/(4736:4736): Soy un log
[INFO] 11:23:03:384 tp0.c/(4736:4736): Hola, soy un valor
[INFO] 11:23:10:647 tp0.c/(4736:4736): hola
[INFO] 11:23:56:407 tp0.c/(4736:4736): puto
[INFO] 11:25:12:312 tp0.c/(4806:4806): Soy un log
[INFO] 11:25:12:312 tp0.c/(4806:4806): Hola, soy un valor
[INFO] 11:25:14:787 tp0.c/(4806:4806): hola
[INFO] 12:09:27:682 tp0.c/(5628:5628): Soy un log
[INFO] 12:09:27:696 tp0.c/(5628:5628): Hola, soy un valor
[INFO] 12:19:59:16 tp0.c/(5853:5853): Soy un log
[INFO] 12:19:59:35 tp0.c/(5853:5853): Hola, soy un valor
[INFO] 12:20:03:777 tp0.c/(5853:5853): hola
[INFO] 12:20:33:106 tp0.c/(5876:5876): Soy un log
[INFO] 12:20:33:109 tp0.c/(5876:5876): Hola, soy un valor
[INFO] 12:23:43:145 tp0.c/(5955:5955): Soy un log
[INFO] 12:23:43:145 tp0.c/(5955:5955): Hola, soy un valor
[INFO] 12:24:01:379 tp0.c/(5970:5970): Soy un log
[INFO] 12:24:01:383 tp0.c/(5970:5970): Hola, soy un valor
[INFO] 12:24:03:946 tp0.c/(5970:5970): hola
[INFO] 12:24:06:737 tp0.c/(5970:5970): holaaaa
[INFO] 12:24:09:707 tp0.c/(5970:5970): ffefe
[INFO] 12:24:57:374 tp0.c/(5993:5993): Soy un log
[INFO] 12:24:57:374 tp0.c/(5993:5993): Hola, soy un valor
[INFO] 12:25:13:874 tp0.c/(6008:6008): Soy un log
[INFO] 12:25:13:878 tp0.c/(6008:6008): Hola, soy un valor
[INFO] 12:25:17:133 tp0.c/(6008:6008): hh
